1(C) COPYRIGHT 1982-1998 J.D.GASKI SINDA/G VERSION-1.80 NETWORK ANALYSIS ASSOCIATES, INC. - PAGE            1

      OV Downcomer                                                                                                           

 *** NOTE *** SNDSNR REQUIRES        42 DYNAMIC STORAGE LOCATIONS OUT OF     9968 AVAILABLE ***

 SNDSNR RUN, ARLXCA=0.10000    , BALENG= 1.0000    , NLOOP=******

 *****************
 TIME= 0.00000E+00, DTIMEU= 0.00000E+00, CSGMIN(      0)= 0.00000E+00, ATMPCC(      0)= 0.00000E+00, DTMPCC(      0)= 0.00000E+00
     LOOPCT=     0, SENGIN= 0.00000E+00, ENGBAL= 0.00000E+00         , ARLXCC(      0)= 0.00000E+00, DRLXCC(      0)= 0.00000E+00
 
 **** OUTPUT TEMPERATURES IN DEGREES   ****
 T      2 =   70.0000 T      3 =   70.0000 T      4 =   70.0000 T      5 =   70.0000 T      6 =   70.0000 T     61 =   70.0000
 T     11 = -310.0000 T     60 =   23.6000 T     10 =  -30.0000

 *****************
 TIME= 0.00000E+00, DTIMEU= 0.00000E+00, CSGMIN(      0)= 0.00000E+00, ATMPCC(      0)= 0.00000E+00, DTMPCC(      0)= 0.00000E+00
     LOOPCT=     0, SENGIN= 0.00000E+00, ENGBAL= 0.00000E+00         , ARLXCC(      0)= 0.00000E+00, DRLXCC(      0)= 0.00000E+00
 
 **** OUTPUT TEMPERATURES IN DEGREES   ****
 T      2 =   70.0000 T      3 =   70.0000 T      4 =   70.0000 T      5 =   70.0000 T      6 =   70.0000 T     10 =  -30.0000
 T     11 = -310.0000 T     60 =   23.6000 T     61 =   70.0000

 *****************
 TIME= 0.00000E+00, DTIMEU= 0.00000E+00, CSGMIN(      0)= 0.00000E+00, ATMPCC(      0)= 0.00000E+00, DTMPCC(      0)= 0.00000E+00
     LOOPCT=     0, SENGIN= 0.00000E+00, ENGBAL= 0.00000E+00         , ARLXCC(      0)= 0.00000E+00, DRLXCC(      0)= 0.00000E+00
 
 **** OUTPUT TEMPERATURES IN DEGREES   ****
 T     61 =   70.0000 T      6 =   70.0000 T      5 =   70.0000 T      4 =   70.0000 T      3 =   70.0000 T      2 =   70.0000
 T     60 =   23.6000 T     10 =  -30.0000 T     11 = -310.0000
 
 *** NOTE *** QNPRNT BORROWING     18 DYNAMIC STORAGE LOCATIONS OUT OF    9917 AVAILABLE 
    NODE   IMPRESSED   CONDUCTED   RADIATED    TOTAL NET       NODE   IMPRESSED   CONDUCTED   RADIATED    TOTAL NET
    NO.       QIN         QIN        QIN           Q           NO.       QIN         QIN        QIN           Q
       2   0.0000     -1956.2      0.0000     -1956.2    ,        3   0.0000      0.0000      0.0000      0.0000    , 
       4   0.0000      0.0000      0.0000      0.0000    ,        5   0.0000      0.0000      0.0000      0.0000    , 
       6   0.0000     -.61062E+06  0.0000     -.61062E+06,       61   0.0000      0.0000      0.0000      0.0000    , 
      11   0.0000      1956.2      0.0000      1956.2    ,       60   0.0000      21996.      0.0000      21996.    , 
      10   0.0000     0.61062E+06  0.0000     0.61062E+06, 

 *** NOTE *** RELAXATION CRITERIA HAS BEEN MET WITH LOOPCT =     4

     ENGBAL = 0.476869E-01 AT LOOPCT =     4

 *** NOTE *** SYSTEM ENERGY BALANCE CRITERIA HAS BEEN MET, ENGBAL = 0.476869E-01, LOOPCT =     4

 *****************
 TIME= 0.00000E+00, DTIMEU= 0.00000E+00, CSGMIN(      0)= 0.00000E+00, ATMPCC(      0)= 0.00000E+00, DTMPCC(      0)= 0.00000E+00
     LOOPCT=     4, SENGIN= 9.58464E+03, ENGBAL= 4.76869E-02         , ARLXCC(     61)=-5.67627E-03, DRLXCC(      0)= 0.00000E+00
 
 **** OUTPUT TEMPERATURES IN DEGREES   ****
 T      2 =  -14.2649 T      3 =    3.3813 T      4 =  -25.1315 T      5 =  -26.2320 T      6 =  -28.6564 T     61 =    3.3812
 T     11 = -310.0000 T     60 =   23.6000 T     10 =  -30.0000

 *****************
 TIME= 0.00000E+00, DTIMEU= 0.00000E+00, CSGMIN(      0)= 0.00000E+00, ATMPCC(      0)= 0.00000E+00, DTMPCC(      0)= 0.00000E+00
     LOOPCT=     4, SENGIN= 9.58464E+03, ENGBAL= 4.76869E-02         , ARLXCC(     61)=-5.67627E-03, DRLXCC(      0)= 0.00000E+00
 
 **** OUTPUT TEMPERATURES IN DEGREES   ****
1(C) COPYRIGHT 1982-1998 J.D.GASKI SINDA/G VERSION-1.80 NETWORK ANALYSIS ASSOCIATES, INC. - PAGE            2

      OV Downcomer                                                                                                           
 T      2 =  -14.2649 T      3 =    3.3813 T      4 =  -25.1315 T      5 =  -26.2320 T      6 =  -28.6564 T     10 =  -30.0000
 T     11 = -310.0000 T     60 =   23.6000 T     61 =    3.3812

 *****************
 TIME= 0.00000E+00, DTIMEU= 0.00000E+00, CSGMIN(      0)= 0.00000E+00, ATMPCC(      0)= 0.00000E+00, DTMPCC(      0)= 0.00000E+00
     LOOPCT=     4, SENGIN= 9.58464E+03, ENGBAL= 4.76869E-02         , ARLXCC(     61)=-5.67627E-03, DRLXCC(      0)= 0.00000E+00
 
 **** OUTPUT TEMPERATURES IN DEGREES   ****
 T     60 =   23.6000 T      3 =    3.3813 T     61 =    3.3812 T      2 =  -14.2649 T      4 =  -25.1315 T      5 =  -26.2320
 T      6 =  -28.6564 T     10 =  -30.0000 T     11 = -310.0000
 
 *** NOTE *** QNPRNT BORROWING     18 DYNAMIC STORAGE LOCATIONS OUT OF    9917 AVAILABLE 
    NODE   IMPRESSED   CONDUCTED   RADIATED    TOTAL NET       NODE   IMPRESSED   CONDUCTED   RADIATED    TOTAL NET
    NO.       QIN         QIN        QIN           Q           NO.       QIN         QIN        QIN           Q
       2   0.0000      219.13     -219.13     0.70190E-03,        3   0.0000     -9584.7      0.0000     -9584.7    , 
       4   0.0000     -219.31      219.13     -.17880    ,        5   0.0000     0.25098      0.0000     0.25098    , 
       6   0.0000     -.79102E-01  0.0000     -.79102E-01,       61   0.0000     0.28934E-01  0.0000     0.28934E-01, 
      11   0.0000      1380.1      0.0000      1380.1    ,       60   0.0000     -9584.6      0.0000     -9584.6    , 
      10   0.0000      8204.5      0.0000      8204.5    , 

 *****************
 TIME= 0.00000E+00, DTIMEU= 0.00000E+00, CSGMIN(      0)= 0.00000E+00, ATMPCC(      0)= 0.00000E+00, DTMPCC(      0)= 0.00000E+00
     LOOPCT=     4, SENGIN= 9.58464E+03, ENGBAL= 4.76869E-02         , ARLXCC(     61)=-5.67627E-03, DRLXCC(      0)= 0.00000E+00
 
 **** OUTPUT TEMPERATURES IN DEGREES   ****
 T      2 =  -14.2649 T      3 =    3.3813 T      4 =  -25.1315 T      5 =  -26.2320 T      6 =  -28.6564 T     61 =    3.3812
 T     11 = -310.0000 T     60 =   23.6000 T     10 =  -30.0000

 *****************
 TIME= 0.00000E+00, DTIMEU= 0.00000E+00, CSGMIN(      0)= 0.00000E+00, ATMPCC(      0)= 0.00000E+00, DTMPCC(      0)= 0.00000E+00
     LOOPCT=     4, SENGIN= 9.58464E+03, ENGBAL= 4.76869E-02         , ARLXCC(     61)=-5.67627E-03, DRLXCC(      0)= 0.00000E+00
 
 **** OUTPUT TEMPERATURES IN DEGREES   ****
 T      2 =  -14.2649 T      3 =    3.3813 T      4 =  -25.1315 T      5 =  -26.2320 T      6 =  -28.6564 T     10 =  -30.0000
 T     11 = -310.0000 T     60 =   23.6000 T     61 =    3.3812

 *****************
 TIME= 0.00000E+00, DTIMEU= 0.00000E+00, CSGMIN(      0)= 0.00000E+00, ATMPCC(      0)= 0.00000E+00, DTMPCC(      0)= 0.00000E+00
     LOOPCT=     4, SENGIN= 9.58464E+03, ENGBAL= 4.76869E-02         , ARLXCC(     61)=-5.67627E-03, DRLXCC(      0)= 0.00000E+00
 
 **** OUTPUT TEMPERATURES IN DEGREES   ****
 T     60 =   23.6000 T      3 =    3.3813 T     61 =    3.3812 T      2 =  -14.2649 T      4 =  -25.1315 T      5 =  -26.2320
 T      6 =  -28.6564 T     10 =  -30.0000 T     11 = -310.0000
 
 *** NOTE *** QNPRNT BORROWING     18 DYNAMIC STORAGE LOCATIONS OUT OF    9917 AVAILABLE 
    NODE   IMPRESSED   CONDUCTED   RADIATED    TOTAL NET       NODE   IMPRESSED   CONDUCTED   RADIATED    TOTAL NET
    NO.       QIN         QIN        QIN           Q           NO.       QIN         QIN        QIN           Q
       2   0.0000      219.13     -219.13     0.70190E-03,        3   0.0000     -9584.7      0.0000     -9584.7    , 
       4   0.0000     -219.31      219.13     -.17880    ,        5   0.0000     0.25098      0.0000     0.25098    , 
       6   0.0000     -.79102E-01  0.0000     -.79102E-01,       61   0.0000     0.28934E-01  0.0000     0.28934E-01, 
      11   0.0000      1380.1      0.0000      1380.1    ,       60   0.0000     -9584.6      0.0000     -9584.6    , 
      10   0.0000      8204.5      0.0000      8204.5    , 
